<?xml version="1.0" encoding="UTF-8"?>
<testng-results skipped="0" failed="0" ignored="0" total="1" passed="1">
  <reporter-output>
  </reporter-output>
  <suite name="Suite" duration-ms="26788" started-at="2020-05-18T16:52:33Z" finished-at="2020-05-18T16:53:00Z">
    <groups>
    </groups>
    <test name="Make my trip Test" duration-ms="26788" started-at="2020-05-18T16:52:33Z" finished-at="2020-05-18T16:53:00Z">
      <class name="com.qa.testCases.BookingTest">
        <test-method status="PASS" signature="setUp(java.lang.reflect.Method)[pri:0, instance:com.qa.testCases.BookingTest@7161d8d1]" name="setUp" is-config="true" duration-ms="6860" started-at="2020-05-18T16:52:33Z" finished-at="2020-05-18T16:52:40Z">
          <params>
            <param index="0">
              <value>
                <![CDATA[public void com.qa.testCases.BookingTest.bookingReviewTest() throws java.lang.InterruptedException]]>
              </value>
            </param>
          </params>
          <reporter-output>
          </reporter-output>
        </test-method> <!-- setUp -->
        <test-method status="PASS" signature="bookingReviewTest()[pri:0, instance:com.qa.testCases.BookingTest@7161d8d1]" name="bookingReviewTest" duration-ms="18911" started-at="2020-05-18T16:52:40Z" finished-at="2020-05-18T16:52:59Z">
          <reporter-output>
          </reporter-output>
        </test-method> <!-- bookingReviewTest -->
        <test-method status="PASS" signature="teardown(java.lang.reflect.Method)[pri:0, instance:com.qa.testCases.BookingTest@7161d8d1]" name="teardown" is-config="true" duration-ms="906" started-at="2020-05-18T16:52:59Z" finished-at="2020-05-18T16:53:00Z">
          <params>
            <param index="0">
              <value>
                <![CDATA[public void com.qa.testCases.BookingTest.bookingReviewTest() throws java.lang.InterruptedException]]>
              </value>
            </param>
          </params>
          <reporter-output>
          </reporter-output>
        </test-method> <!-- teardown -->
      </class> <!-- com.qa.testCases.BookingTest -->
    </test> <!-- Make my trip Test -->
  </suite> <!-- Suite -->
</testng-results>
